android/app/build/outputs/logs/manifest-merger-debug-report.txt
-- Merging decision tree log ---
manifest
ADDED from src/main/AndroidManifest.xml:1:1-41:12
INJECTED from src/main/AndroidManifest.xml:1:1-41:12
INJECTED from src/main/AndroidManifest.xml:1:1-41:12
INJECTED from src/main/AndroidManifest.xml:1:1-41:12
MERGED from src/main/AndroidManifest.xml:1:1-41:12
MERGED from [:agconnect_crash] AndroidManifest.xml:2:1-7:12
MERGED from [:agconnect_core] AndroidManifest.xml:2:1-7:12
MERGED from [:huawei_health] AndroidManifest.xml:2:1-17:12
MERGED from [androidx.fragment:fragment:1.1.0] AndroidManifest.xml:17:1-24:12
MERGED from [androidx.activity:activity:1.0.0] AndroidManifest.xml:17:1-24:12
MERGED from [androidx.viewpager:viewpager:1.0.0] AndroidManifest.xml:17:1-22:12
MERGED from [androidx.loader:loader:1.0.0] AndroidManifest.xml:17:1-22:12
MERGED from [androidx.customview:customview:1.0.0] AndroidManifest.xml:17:1-22:12
MERGED from [androidx.core:core:1.1.0] AndroidManifest.xml:17:1-26:12
MERGED from [androidx.lifecycle:lifecycle-runtime:2.2.0] AndroidManifest.xml:17:1-24:12
MERGED from [androidx.savedstate:savedstate:1.0.0] AndroidManifest.xml:17:1-24:12
MERGED from [androidx.lifecycle:lifecycle-livedata:2.0.0] AndroidManifest.xml:17:1-22:12
MERGED from [androidx.lifecycle:lifecycle-livedata-core:2.0.0] AndroidManifest.xml:17:1-22:12
MERGED from [androidx.arch.core:core-runtime:2.0.0] AndroidManifest.xml:17:1-22:12
MERGED from [androidx.versionedparcelable:versionedparcelable:1.1.0] AndroidManifest.xml:17:1-27:12
MERGED from [androidx.lifecycle:lifecycle-viewmodel:2.1.0] AndroidManifest.xml:17:1-22:12
MERGED from [com.huawei.agconnect:agconnect-crash:1.4.2.301] AndroidManifest.xml:3:1-23:12
MERGED from [com.huawei.hms:hianalytics:5.0.5.300] AndroidManifest.xml:2:1-32:12
MERGED from [com.huawei.agconnect:agconnect-credential:1.4.2.301] AndroidManifest.xml:2:1-28:12
MERGED from [com.huawei.hms:opendevice:5.0.0.301] AndroidManifest.xml:2:1-23:12
MERGED from [com.huawei.hms:health:5.0.5.300] AndroidManifest.xml:2:1-20:12
MERGED from [com.huawei.hms:hwid:5.0.1.300] AndroidManifest.xml:2:1-32:12
MERGED from [com.huawei.hms:base:5.0.4.301] AndroidManifest.xml:2:1-28:12
MERGED from [com.huawei.hms:availableupdate:5.0.4.301] AndroidManifest.xml:2:1-35:12
MERGED from [com.huawei.hms:device:5.0.4.301] AndroidManifest.xml:2:1-14:12
MERGED from [com.huawei.agconnect:agconnect-core:1.4.2.301] AndroidManifest.xml:2:1-21:12
MERGED from [com.huawei.agconnect:agconnect-https:1.4.2.301] AndroidManifest.xml:3:1-13:12
MERGED from [com.huawei.hmf:tasks:1.4.1.300] AndroidManifest.xml:2:1-10:12
MERGED from [com.huawei.agconnect:datastore-core:1.4.2.301] AndroidManifest.xml:2:1-10:12
MERGED from [com.huawei.hms:stats:5.0.4.301] AndroidManifest.xml:2:1-16:12
MERGED from [com.huawei.hms:ui:5.0.4.301] AndroidManifest.xml:2:1-29:12
MERGED from [com.huawei.hms:log:5.0.4.301] AndroidManifest.xml:2:1-14:12
MERGED from [com.huawei.hms:update:2.0.7.302] AndroidManifest.xml:2:1-48:12
MERGED from [com.huawei.hms:network-grs:4.0.18.300] AndroidManifest.xml:2:1-11:12
MERGED from [com.huawei.android.hms:security-encrypt:1.1.5.302] AndroidManifest.xml:2:1-11:12
MERGED from [com.huawei.android.hms:security-ssl:1.1.5.302] AndroidManifest.xml:2:1-15:12
MERGED from [com.huawei.hms:network-common:4.0.18.300] AndroidManifest.xml:2:1-11:12
INJECTED from src/debug/AndroidManifest.xml:1:1-7:12
INJECTED from src/debug/AndroidManifest.xml:1:1-7:12
INJECTED from src/debug/AndroidManifest.xml:1:1-7:12
	package
		ADDED from src/main/AndroidManifest.xml:2:5-34
		INJECTED from src/main/AndroidManifest.xml
		INJECTED from src/debug/AndroidManifest.xml
	android:versionName
		INJECTED from src/main/AndroidManifest.xml
		ADDED from src/main/AndroidManifest.xml:1:1-41:12
		INJECTED from src/debug/AndroidManifest.xml
	android:versionCode
		INJECTED from src/main/AndroidManifest.xml
		ADDED from src/main/AndroidManifest.xml:1:1-41:12
		INJECTED from src/debug/AndroidManifest.xml
	xmlns:android
		ADDED from src/main/AndroidManifest.xml:1:11-69
application
ADDED from src/main/AndroidManifest.xml:3:4-40:19
MERGED from [:huawei_health] AndroidManifest.xml:9:5-15:19
MERGED from [:huawei_health] AndroidManifest.xml:9:5-15:19
MERGED from [androidx.core:core:1.1.0] AndroidManifest.xml:24:5-89
MERGED from [androidx.core:core:1.1.0] AndroidManifest.xml:24:5-89
MERGED from [androidx.versionedparcelable:versionedparcelable:1.1.0] AndroidManifest.xml:24:5-25:19
MERGED from [androidx.versionedparcelable:versionedparcelable:1.1.0] AndroidManifest.xml:24:5-25:19
MERGED from [com.huawei.agconnect:agconnect-crash:1.4.2.301] AndroidManifest.xml:13:5-21:19
MERGED from [com.huawei.agconnect:agconnect-crash:1.4.2.301] AndroidManifest.xml:13:5-21:19
MERGED from [com.huawei.hms:hianalytics:5.0.5.300] AndroidManifest.xml:15:5-30:19
MERGED from [com.huawei.hms:hianalytics:5.0.5.300] AndroidManifest.xml:15:5-30:19
MERGED from [com.huawei.agconnect:agconnect-credential:1.4.2.301] AndroidManifest.xml:14:5-26:19
MERGED from [com.huawei.agconnect:agconnect-credential:1.4.2.301] AndroidManifest.xml:14:5-26:19
MERGED from [com.huawei.hms:opendevice:5.0.0.301] AndroidManifest.xml:9:5-21:19
MERGED from [com.huawei.hms:opendevice:5.0.0.301] AndroidManifest.xml:9:5-21:19
MERGED from [com.huawei.hms:health:5.0.5.300] AndroidManifest.xml:11:5-18:19
MERGED from [com.huawei.hms:health:5.0.5.300] AndroidManifest.xml:11:5-18:19
MERGED from [com.huawei.hms:hwid:5.0.1.300] AndroidManifest.xml:9:5-30:19
MERGED from [com.huawei.hms:hwid:5.0.1.300] AndroidManifest.xml:9:5-30:19
MERGED from [com.huawei.hms:base:5.0.4.301] AndroidManifest.xml:12:5-26:19
MERGED from [com.huawei.hms:base:5.0.4.301] AndroidManifest.xml:12:5-26:19
MERGED from [com.huawei.hms:availableupdate:5.0.4.301] AndroidManifest.xml:20:5-33:19
MERGED from [com.huawei.hms:availableupdate:5.0.4.301] AndroidManifest.xml:20:5-33:19
MERGED from [com.huawei.hms:device:5.0.4.301] AndroidManifest.xml:12:5-20
MERGED from [com.huawei.hms:device:5.0.4.301] AndroidManifest.xml:12:5-20
MERGED from [com.huawei.agconnect:agconnect-core:1.4.2.301] AndroidManifest.xml:10:5-19:19
MERGED from [com.huawei.agconnect:agconnect-core:1.4.2.301] AndroidManifest.xml:10:5-19:19
MERGED from [com.huawei.hms:stats:5.0.4.301] AndroidManifest.xml:14:5-20
MERGED from [com.huawei.hms:stats:5.0.4.301] AndroidManifest.xml:14:5-20
MERGED from [com.huawei.hms:ui:5.0.4.301] AndroidManifest.xml:9:5-27:19
MERGED from [com.huawei.hms:ui:5.0.4.301] AndroidManifest.xml:9:5-27:19
MERGED from [com.huawei.hms:log:5.0.4.301] AndroidManifest.xml:12:5-20
MERGED from [com.huawei.hms:log:5.0.4.301] AndroidManifest.xml:12:5-20
MERGED from [com.huawei.hms:update:2.0.7.302] AndroidManifest.xml:20:5-46:19
MERGED from [com.huawei.hms:update:2.0.7.302] AndroidManifest.xml:20:5-46:19
MERGED from [com.huawei.android.hms:security-ssl:1.1.5.302] AndroidManifest.xml:9:5-13:19
MERGED from [com.huawei.android.hms:security-ssl:1.1.5.302] AndroidManifest.xml:9:5-13:19
	android:appComponentFactory
		ADDED from [androidx.core:core:1.1.0] AndroidManifest.xml:24:18-86
	android:label
		ADDED from src/main/AndroidManifest.xml:4:9-36
	android:icon
		ADDED from src/main/AndroidManifest.xml:5:9-43
activity#assista.app.flutter.MainActivity
ADDED from src/main/AndroidManifest.xml:6:9-34:20
	android:launchMode
		ADDED from src/main/AndroidManifest.xml:8:13-43
	android:hardwareAccelerated
		ADDED from src/main/AndroidManifest.xml:11:13-47
	android:windowSoftInputMode
		ADDED from src/main/AndroidManifest.xml:12:13-55
	android:configChanges
		ADDED from src/main/AndroidManifest.xml:10:13-163
	android:theme
		ADDED from src/main/AndroidManifest.xml:9:13-47
	android:name
		ADDED from src/main/AndroidManifest.xml:7:13-41
meta-data#io.flutter.embedding.android.NormalTheme
ADDED from src/main/AndroidManifest.xml:17:13-20:17
	android:resource
		ADDED from src/main/AndroidManifest.xml:19:15-52
	android:name
		ADDED from src/main/AndroidManifest.xml:18:15-70
meta-data#io.flutter.embedding.android.SplashScreenDrawable
ADDED from src/main/AndroidManifest.xml:26:13-29:17
	android:resource
		ADDED from src/main/AndroidManifest.xml:28:15-61
	android:name
		ADDED from src/main/AndroidManifest.xml:27:15-79
intent-filter#action:name:android.intent.action.MAIN+category:name:android.intent.category.LAUNCHER
ADDED from src/main/AndroidManifest.xml:30:13-33:29
action#android.intent.action.MAIN
ADDED from src/main/AndroidManifest.xml:31:17-68
	android:name
		ADDED from src/main/AndroidManifest.xml:31:25-66
category#android.intent.category.LAUNCHER
ADDED from src/main/AndroidManifest.xml:32:17-76
	android:name
		ADDED from src/main/AndroidManifest.xml:32:27-74
meta-data#flutterEmbedding
ADDED from src/main/AndroidManifest.xml:37:9-39:33
	android:value
		ADDED from src/main/AndroidManifest.xml:39:13-30
	android:name
		ADDED from src/main/AndroidManifest.xml:38:13-44
uses-sdk
INJECTED from src/main/AndroidManifest.xml reason: use-sdk injection requested
INJECTED from src/main/AndroidManifest.xml
INJECTED from src/main/AndroidManifest.xml
MERGED from [:agconnect_crash] AndroidManifest.xml:5:5-44
MERGED from [:agconnect_crash] AndroidManifest.xml:5:5-44
MERGED from [:agconnect_core] AndroidManifest.xml:5:5-44
MERGED from [:agconnect_core] AndroidManifest.xml:5:5-44
MERGED from [:huawei_health] AndroidManifest.xml:5:5-44
MERGED from [:huawei_health] AndroidManifest.xml:5:5-44
MERGED from [androidx.fragment:fragment:1.1.0] AndroidManifest.xml:20:5-22:41
MERGED from [androidx.fragment:fragment:1.1.0] AndroidManifest.xml:20:5-22:41
MERGED from [androidx.activity:activity:1.0.0] AndroidManifest.xml:20:5-22:41
MERGED from [androidx.activity:activity:1.0.0] AndroidManifest.xml:20:5-22:41
MERGED from [androidx.viewpager:viewpager:1.0.0] AndroidManifest.xml:20:5-44
MERGED from [androidx.viewpager:viewpager:1.0.0] AndroidManifest.xml:20:5-44
MERGED from [androidx.loader:loader:1.0.0] AndroidManifest.xml:20:5-44
MERGED from [androidx.loader:loader:1.0.0] AndroidManifest.xml:20:5-44
MERGED from [androidx.customview:customview:1.0.0] AndroidManifest.xml:20:5-44
MERGED from [androidx.customview:customview:1.0.0] AndroidManifest.xml:20:5-44
MERGED from [androidx.core:core:1.1.0] AndroidManifest.xml:20:5-22:41
MERGED from [androidx.core:core:1.1.0] AndroidManifest.xml:20:5-22:41
MERGED from [androidx.lifecycle:lifecycle-runtime:2.2.0] AndroidManifest.xml:20:5-22:41
MERGED from [androidx.lifecycle:lifecycle-runtime:2.2.0] AndroidManifest.xml:20:5-22:41
MERGED from [androidx.savedstate:savedstate:1.0.0] AndroidManifest.xml:20:5-22:41
MERGED from [androidx.savedstate:savedstate:1.0.0] AndroidManifest.xml:20:5-22:41
MERGED from [androidx.lifecycle:lifecycle-livedata:2.0.0] AndroidManifest.xml:20:5-44
MERGED from [androidx.lifecycle:lifecycle-livedata:2.0.0] AndroidManifest.xml:20:5-44
MERGED from [androidx.lifecycle:lifecycle-livedata-core:2.0.0] AndroidManifest.xml:20:5-44
MERGED from [androidx.lifecycle:lifecycle-livedata-core:2.0.0] AndroidManifest.xml:20:5-44
MERGED from [androidx.arch.core:core-runtime:2.0.0] AndroidManifest.xml:20:5-44
MERGED from [androidx.arch.core:core-runtime:2.0.0] AndroidManifest.xml:20:5-44
MERGED from [androidx.versionedparcelable:versionedparcelable:1.1.0] AndroidManifest.xml:20:5-22:41
MERGED from [androidx.versionedparcelable:versionedparcelable:1.1.0] AndroidManifest.xml:20:5-22:41
MERGED from [androidx.lifecycle:lifecycle-viewmodel:2.1.0] AndroidManifest.xml:20:5-44
MERGED from [androidx.lifecycle:lifecycle-viewmodel:2.1.0] AndroidManifest.xml:20:5-44
MERGED from [com.huawei.agconnect:agconnect-crash:1.4.2.301] AndroidManifest.xml:7:5-9:41
MERGED from [com.huawei.agconnect:agconnect-crash:1.4.2.301] AndroidManifest.xml:7:5-9:41
MERGED from [com.huawei.hms:hianalytics:5.0.5.300] AndroidManifest.xml:7:5-9:41
MERGED from [com.huawei.hms:hianalytics:5.0.5.300] AndroidManifest.xml:7:5-9:41
MERGED from [com.huawei.agconnect:agconnect-credential:1.4.2.301] AndroidManifest.xml:7:5-10:70
MERGED from [com.huawei.agconnect:agconnect-credential:1.4.2.301] AndroidManifest.xml:7:5-10:70
MERGED from [com.huawei.hms:opendevice:5.0.0.301] AndroidManifest.xml:5:5-7:41
MERGED from [com.huawei.hms:opendevice:5.0.0.301] AndroidManifest.xml:5:5-7:41
MERGED from [com.huawei.hms:health:5.0.5.300] AndroidManifest.xml:7:5-9:41
MERGED from [com.huawei.hms:health:5.0.5.300] AndroidManifest.xml:7:5-9:41
MERGED from [com.huawei.hms:hwid:5.0.1.300] AndroidManifest.xml:5:5-7:41
MERGED from [com.huawei.hms:hwid:5.0.1.300] AndroidManifest.xml:5:5-7:41
MERGED from [com.huawei.hms:base:5.0.4.301] AndroidManifest.xml:5:5-7:41
MERGED from [com.huawei.hms:base:5.0.4.301] AndroidManifest.xml:5:5-7:41
MERGED from [com.huawei.hms:availableupdate:5.0.4.301] AndroidManifest.xml:5:5-7:41
MERGED from [com.huawei.hms:availableupdate:5.0.4.301] AndroidManifest.xml:5:5-7:41
MERGED from [com.huawei.hms:device:5.0.4.301] AndroidManifest.xml:5:5-7:41
MERGED from [com.huawei.hms:device:5.0.4.301] AndroidManifest.xml:5:5-7:41
MERGED from [com.huawei.agconnect:agconnect-core:1.4.2.301] AndroidManifest.xml:6:5-8:41
MERGED from [com.huawei.agconnect:agconnect-core:1.4.2.301] AndroidManifest.xml:6:5-8:41
MERGED from [com.huawei.agconnect:agconnect-https:1.4.2.301] AndroidManifest.xml:7:5-9:41
MERGED from [com.huawei.agconnect:agconnect-https:1.4.2.301] AndroidManifest.xml:7:5-9:41
MERGED from [com.huawei.hmf:tasks:1.4.1.300] AndroidManifest.xml:6:5-8:41
MERGED from [com.huawei.hmf:tasks:1.4.1.300] AndroidManifest.xml:6:5-8:41
MERGED from [com.huawei.agconnect:datastore-core:1.4.2.301] AndroidManifest.xml:6:5-8:41
MERGED from [com.huawei.agconnect:datastore-core:1.4.2.301] AndroidManifest.xml:6:5-8:41
MERGED from [com.huawei.hms:stats:5.0.4.301] AndroidManifest.xml:5:5-7:41
MERGED from [com.huawei.hms:stats:5.0.4.301] AndroidManifest.xml:5:5-7:41
MERGED from [com.huawei.hms:ui:5.0.4.301] AndroidManifest.xml:5:5-7:41
MERGED from [com.huawei.hms:ui:5.0.4.301] AndroidManifest.xml:5:5-7:41
MERGED from [com.huawei.hms:log:5.0.4.301] AndroidManifest.xml:5:5-7:41
MERGED from [com.huawei.hms:log:5.0.4.301] AndroidManifest.xml:5:5-7:41
MERGED from [com.huawei.hms:update:2.0.7.302] AndroidManifest.xml:7:5-9:41
MERGED from [com.huawei.hms:update:2.0.7.302] AndroidManifest.xml:7:5-9:41
MERGED from [com.huawei.hms:network-grs:4.0.18.300] AndroidManifest.xml:7:5-9:41
MERGED from [com.huawei.hms:network-grs:4.0.18.300] AndroidManifest.xml:7:5-9:41
MERGED from [com.huawei.android.hms:security-encrypt:1.1.5.302] AndroidManifest.xml:7:5-9:41
MERGED from [com.huawei.android.hms:security-encrypt:1.1.5.302] AndroidManifest.xml:7:5-9:41
MERGED from [com.huawei.android.hms:security-ssl:1.1.5.302] AndroidManifest.xml:7:5-43
MERGED from [com.huawei.android.hms:security-ssl:1.1.5.302] AndroidManifest.xml:7:5-43
MERGED from [com.huawei.hms:network-common:4.0.18.300] AndroidManifest.xml:7:5-9:41
MERGED from [com.huawei.hms:network-common:4.0.18.300] AndroidManifest.xml:7:5-9:41
INJECTED from src/debug/AndroidManifest.xml
INJECTED from src/debug/AndroidManifest.xml
	tools:overrideLibrary
		ADDED from [com.huawei.agconnect:agconnect-credential:1.4.2.301] AndroidManifest.xml:10:9-67
	android:targetSdkVersion
		INJECTED from src/main/AndroidManifest.xml
		INJECTED from src/debug/AndroidManifest.xml
	android:minSdkVersion
		INJECTED from src/main/AndroidManifest.xml
		INJECTED from src/debug/AndroidManifest.xml
uses-permission#android.permission.INTERNET
ADDED from src/debug/AndroidManifest.xml:6:5-66
MERGED from [com.huawei.hms:hianalytics:5.0.5.300] AndroidManifest.xml:11:5-67
MERGED from [com.huawei.hms:hianalytics:5.0.5.300] AndroidManifest.xml:11:5-67
MERGED from [com.huawei.agconnect:agconnect-credential:1.4.2.301] AndroidManifest.xml:12:5-67
MERGED from [com.huawei.agconnect:agconnect-credential:1.4.2.301] AndroidManifest.xml:12:5-67
MERGED from [com.huawei.hms:base:5.0.4.301] AndroidManifest.xml:10:5-67
MERGED from [com.huawei.hms:base:5.0.4.301] AndroidManifest.xml:10:5-67
MERGED from [com.huawei.hms:availableupdate:5.0.4.301] AndroidManifest.xml:10:5-67
MERGED from [com.huawei.hms:availableupdate:5.0.4.301] AndroidManifest.xml:10:5-67
MERGED from [com.huawei.hms:stats:5.0.4.301] AndroidManifest.xml:10:5-67
MERGED from [com.huawei.hms:stats:5.0.4.301] AndroidManifest.xml:10:5-67
MERGED from [com.huawei.hms:update:2.0.7.302] AndroidManifest.xml:11:5-67
MERGED from [com.huawei.hms:update:2.0.7.302] AndroidManifest.xml:11:5-67
	android:name
		ADDED from src/debug/AndroidManifest.xml:6:22-64
uses-permission#android.permission.ACCESS_NETWORK_STATE
ADDED from [:huawei_health] AndroidManifest.xml:7:5-79
MERGED from [com.huawei.agconnect:agconnect-crash:1.4.2.301] AndroidManifest.xml:11:5-79
MERGED from [com.huawei.agconnect:agconnect-crash:1.4.2.301] AndroidManifest.xml:11:5-79
MERGED from [com.huawei.hms:hianalytics:5.0.5.300] AndroidManifest.xml:12:5-79
MERGED from [com.huawei.hms:hianalytics:5.0.5.300] AndroidManifest.xml:12:5-79
MERGED from [com.huawei.hms:availableupdate:5.0.4.301] AndroidManifest.xml:14:5-79
MERGED from [com.huawei.hms:availableupdate:5.0.4.301] AndroidManifest.xml:14:5-79
MERGED from [com.huawei.hms:device:5.0.4.301] AndroidManifest.xml:10:5-79
MERGED from [com.huawei.hms:device:5.0.4.301] AndroidManifest.xml:10:5-79
MERGED from [com.huawei.agconnect:agconnect-https:1.4.2.301] AndroidManifest.xml:11:5-79
MERGED from [com.huawei.agconnect:agconnect-https:1.4.2.301] AndroidManifest.xml:11:5-79
MERGED from [com.huawei.hms:stats:5.0.4.301] AndroidManifest.xml:12:5-79
MERGED from [com.huawei.hms:stats:5.0.4.301] AndroidManifest.xml:12:5-79
MERGED from [com.huawei.hms:update:2.0.7.302] AndroidManifest.xml:12:5-79
MERGED from [com.huawei.hms:update:2.0.7.302] AndroidManifest.xml:12:5-79
	android:name
		ADDED from [:huawei_health] AndroidManifest.xml:7:22-76
service#com.huawei.hms.flutter.health.modules.autorecorder.service.AutoRecorderBackgroundService
ADDED from [:huawei_health] AndroidManifest.xml:10:9-14:19
	android:name
		ADDED from [:huawei_health] AndroidManifest.xml:10:18-121
intent-filter#action:name:HealthKitService
ADDED from [:huawei_health] AndroidManifest.xml:11:13-13:29
	android:priority
		ADDED from [:huawei_health] AndroidManifest.xml:11:28-51
action#HealthKitService
ADDED from [:huawei_health] AndroidManifest.xml:12:17-59
	android:name
		ADDED from [:huawei_health] AndroidManifest.xml:12:25-56
service#com.huawei.agconnect.core.ServiceDiscovery
ADDED from [com.huawei.agconnect:agconnect-crash:1.4.2.301] AndroidManifest.xml:14:9-20:19
MERGED from [com.huawei.agconnect:agconnect-credential:1.4.2.301] AndroidManifest.xml:15:9-21:19
MERGED from [com.huawei.agconnect:agconnect-credential:1.4.2.301] AndroidManifest.xml:15:9-21:19
MERGED from [com.huawei.agconnect:agconnect-core:1.4.2.301] AndroidManifest.xml:16:9-18:40
MERGED from [com.huawei.agconnect:agconnect-core:1.4.2.301] AndroidManifest.xml:16:9-18:40
	android:exported
		ADDED from [com.huawei.agconnect:agconnect-crash:1.4.2.301] AndroidManifest.xml:16:13-37
	android:name
		ADDED from [com.huawei.agconnect:agconnect-crash:1.4.2.301] AndroidManifest.xml:15:13-70
meta-data#com.huawei.agconnect.crash.AGConnectCrashRegistrar
ADDED from [com.huawei.agconnect:agconnect-crash:1.4.2.301] AndroidManifest.xml:17:13-19:78
	android:value
		ADDED from [com.huawei.agconnect:agconnect-crash:1.4.2.301] AndroidManifest.xml:19:17-75
	android:name
		ADDED from [com.huawei.agconnect:agconnect-crash:1.4.2.301] AndroidManifest.xml:18:17-82
uses-permission#com.huawei.appmarket.service.commondata.permission.GET_COMMON_DATA
ADDED from [com.huawei.hms:hianalytics:5.0.5.300] AndroidManifest.xml:13:5-106
MERGED from [com.huawei.hms:availableupdate:5.0.4.301] AndroidManifest.xml:18:5-106
MERGED from [com.huawei.hms:availableupdate:5.0.4.301] AndroidManifest.xml:18:5-106
MERGED from [com.huawei.hms:update:2.0.7.302] AndroidManifest.xml:18:5-106
MERGED from [com.huawei.hms:update:2.0.7.302] AndroidManifest.xml:18:5-106
	android:name
		ADDED from [com.huawei.hms:hianalytics:5.0.5.300] AndroidManifest.xml:13:22-103
meta-data#com.huawei.hms.client.service.name:hianalytics
ADDED from [com.huawei.hms:hianalytics:5.0.5.300] AndroidManifest.xml:16:9-18:53
	android:value
		ADDED from [com.huawei.hms:hianalytics:5.0.5.300] AndroidManifest.xml:18:13-50
	android:name
		ADDED from [com.huawei.hms:hianalytics:5.0.5.300] AndroidManifest.xml:17:13-74
meta-data#com.huawei.hms.min_api_level:hianalytics:hianalytics
ADDED from [com.huawei.hms:hianalytics:5.0.5.300] AndroidManifest.xml:19:9-21:33
	android:value
		ADDED from [com.huawei.hms:hianalytics:5.0.5.300] AndroidManifest.xml:21:13-30
	android:name
		ADDED from [com.huawei.hms:hianalytics:5.0.5.300] AndroidManifest.xml:20:13-80
receiver#com.huawei.hms.analytics.receiver.HiAnalyticsSvcEvtReceiver
ADDED from [com.huawei.hms:hianalytics:5.0.5.300] AndroidManifest.xml:23:9-29:20
	android:exported
		ADDED from [com.huawei.hms:hianalytics:5.0.5.300] AndroidManifest.xml:25:13-37
	android:name
		ADDED from [com.huawei.hms:hianalytics:5.0.5.300] AndroidManifest.xml:24:13-87
intent-filter#action:name:com.huawei.hms.analytics.pps.event
ADDED from [com.huawei.hms:hianalytics:5.0.5.300] AndroidManifest.xml:26:13-28:29
action#com.huawei.hms.analytics.pps.event
ADDED from [com.huawei.hms:hianalytics:5.0.5.300] AndroidManifest.xml:27:17-77
	android:name
		ADDED from [com.huawei.hms:hianalytics:5.0.5.300] AndroidManifest.xml:27:25-74
meta-data#com.huawei.agconnect.credential.CredentialServiceRegistrar:500
ADDED from [com.huawei.agconnect:agconnect-credential:1.4.2.301] AndroidManifest.xml:18:13-20:78
	android:value
		ADDED from [com.huawei.agconnect:agconnect-credential:1.4.2.301] AndroidManifest.xml:20:17-75
	android:name
		ADDED from [com.huawei.agconnect:agconnect-credential:1.4.2.301] AndroidManifest.xml:19:17-94
uses-library#org.apache.http.legacy
ADDED from [com.huawei.agconnect:agconnect-credential:1.4.2.301] AndroidManifest.xml:23:9-25:40
MERGED from [com.huawei.android.hms:security-ssl:1.1.5.302] AndroidManifest.xml:10:9-12:40
MERGED from [com.huawei.android.hms:security-ssl:1.1.5.302] AndroidManifest.xml:10:9-12:40
	android:required
		ADDED from [com.huawei.agconnect:agconnect-credential:1.4.2.301] AndroidManifest.xml:25:13-37
	android:name
		ADDED from [com.huawei.agconnect:agconnect-credential:1.4.2.301] AndroidManifest.xml:24:13-50
provider#com.huawei.hms.aaid.InitProvider
ADDED from [com.huawei.hms:opendevice:5.0.0.301] AndroidManifest.xml:10:9-13:40
	android:authorities
		ADDED from [com.huawei.hms:opendevice:5.0.0.301] AndroidManifest.xml:12:13-68
	android:exported
		ADDED from [com.huawei.hms:opendevice:5.0.0.301] AndroidManifest.xml:13:13-37
	android:name
		ADDED from [com.huawei.hms:opendevice:5.0.0.301] AndroidManifest.xml:11:13-60
meta-data#com.huawei.hms.client.service.name:opendevice
ADDED from [com.huawei.hms:opendevice:5.0.0.301] AndroidManifest.xml:15:9-17:52
	android:value
		ADDED from [com.huawei.hms:opendevice:5.0.0.301] AndroidManifest.xml:17:13-49
	android:name
		ADDED from [com.huawei.hms:opendevice:5.0.0.301] AndroidManifest.xml:16:13-73
meta-data#com.huawei.hms.min_api_level:opendevice:push
ADDED from [com.huawei.hms:opendevice:5.0.0.301] AndroidManifest.xml:18:9-20:33
	android:value
		ADDED from [com.huawei.hms:opendevice:5.0.0.301] AndroidManifest.xml:20:13-30
	android:name
		ADDED from [com.huawei.hms:opendevice:5.0.0.301] AndroidManifest.xml:19:13-72
meta-data#com.huawei.hms.client.service.name:hihealth-base
ADDED from [com.huawei.hms:health:5.0.5.300] AndroidManifest.xml:12:9-14:55
	android:value
		ADDED from [com.huawei.hms:health:5.0.5.300] AndroidManifest.xml:14:13-52
	android:name
		ADDED from [com.huawei.hms:health:5.0.5.300] AndroidManifest.xml:13:13-76
meta-data#com.huawei.hms.min_api_level:hihealth-base:hihealth
ADDED from [com.huawei.hms:health:5.0.5.300] AndroidManifest.xml:15:9-17:33
	android:value
		ADDED from [com.huawei.hms:health:5.0.5.300] AndroidManifest.xml:17:13-30
	android:name
		ADDED from [com.huawei.hms:health:5.0.5.300] AndroidManifest.xml:16:13-79
activity#com.huawei.hms.hwid.internal.ui.activity.HwIdSignInHubActivity
ADDED from [com.huawei.hms:hwid:5.0.1.300] AndroidManifest.xml:10:9-15:20
	android:excludeFromRecents
		ADDED from [com.huawei.hms:hwid:5.0.1.300] AndroidManifest.xml:12:13-46
	android:exported
		ADDED from [com.huawei.hms:hwid:5.0.1.300] AndroidManifest.xml:13:13-37
	android:theme
		ADDED from [com.huawei.hms:hwid:5.0.1.300] AndroidManifest.xml:14:13-72
	android:name
		ADDED from [com.huawei.hms:hwid:5.0.1.300] AndroidManifest.xml:11:13-90
activity#com.huawei.hms.account.internal.ui.activity.AccountSignInHubActivity
ADDED from [com.huawei.hms:hwid:5.0.1.300] AndroidManifest.xml:16:9-21:20
	android:excludeFromRecents
		ADDED from [com.huawei.hms:hwid:5.0.1.300] AndroidManifest.xml:18:13-46
	android:exported
		ADDED from [com.huawei.hms:hwid:5.0.1.300] AndroidManifest.xml:19:13-37
	android:theme
		ADDED from [com.huawei.hms:hwid:5.0.1.300] AndroidManifest.xml:20:13-72
	android:name
		ADDED from [com.huawei.hms:hwid:5.0.1.300] AndroidManifest.xml:17:13-96
meta-data#com.huawei.hms.client.service.name:hwid
ADDED from [com.huawei.hms:hwid:5.0.1.300] AndroidManifest.xml:24:9-26:46
	android:value
		ADDED from [com.huawei.hms:hwid:5.0.1.300] AndroidManifest.xml:26:13-43
	android:name
		ADDED from [com.huawei.hms:hwid:5.0.1.300] AndroidManifest.xml:25:13-67
meta-data#com.huawei.hms.min_api_level:hwid:hwid
ADDED from [com.huawei.hms:hwid:5.0.1.300] AndroidManifest.xml:27:9-29:33
	android:value
		ADDED from [com.huawei.hms:hwid:5.0.1.300] AndroidManifest.xml:29:13-30
	android:name
		ADDED from [com.huawei.hms:hwid:5.0.1.300] AndroidManifest.xml:28:13-66
meta-data#com.huawei.hms.client.service.name:base
ADDED from [com.huawei.hms:base:5.0.4.301] AndroidManifest.xml:18:9-20:46
	android:value
		ADDED from [com.huawei.hms:base:5.0.4.301] AndroidManifest.xml:20:13-43
	android:name
		ADDED from [com.huawei.hms:base:5.0.4.301] AndroidManifest.xml:19:13-67
meta-data#com.huawei.hms.min_api_level:base:hmscore
ADDED from [com.huawei.hms:base:5.0.4.301] AndroidManifest.xml:23:9-25:33
	android:value
		ADDED from [com.huawei.hms:base:5.0.4.301] AndroidManifest.xml:25:13-30
	android:name
		ADDED from [com.huawei.hms:base:5.0.4.301] AndroidManifest.xml:24:13-69
uses-permission#android.permission.WRITE_EXTERNAL_STORAGE
ADDED from [com.huawei.hms:availableupdate:5.0.4.301] AndroidManifest.xml:12:5-81
MERGED from [com.huawei.hms:log:5.0.4.301] AndroidManifest.xml:10:5-81
MERGED from [com.huawei.hms:log:5.0.4.301] AndroidManifest.xml:10:5-81
	android:name
		ADDED from [com.huawei.hms:availableupdate:5.0.4.301] AndroidManifest.xml:12:22-78
uses-permission#android.permission.REQUEST_INSTALL_PACKAGES
ADDED from [com.huawei.hms:availableupdate:5.0.4.301] AndroidManifest.xml:16:5-83
MERGED from [com.huawei.hms:update:2.0.7.302] AndroidManifest.xml:15:5-83
MERGED from [com.huawei.hms:update:2.0.7.302] AndroidManifest.xml:15:5-83
	android:name
		ADDED from [com.huawei.hms:availableupdate:5.0.4.301] AndroidManifest.xml:16:22-80
meta-data#availableLoaded
ADDED from [com.huawei.hms:availableupdate:5.0.4.301] AndroidManifest.xml:23:9-25:35
	android:value
		ADDED from [com.huawei.hms:availableupdate:5.0.4.301] AndroidManifest.xml:25:13-32
	android:name
		ADDED from [com.huawei.hms:availableupdate:5.0.4.301] AndroidManifest.xml:24:13-43
provider#com.huawei.hms.update.provider.UpdateProvider
ADDED from [com.huawei.hms:availableupdate:5.0.4.301] AndroidManifest.xml:27:9-32:20
	android:grantUriPermissions
		ADDED from [com.huawei.hms:availableupdate:5.0.4.301] AndroidManifest.xml:31:13-47
	android:authorities
		ADDED from [com.huawei.hms:availableupdate:5.0.4.301] AndroidManifest.xml:29:13-71
	android:exported
		ADDED from [com.huawei.hms:availableupdate:5.0.4.301] AndroidManifest.xml:30:13-37
	android:name
		ADDED from [com.huawei.hms:availableupdate:5.0.4.301] AndroidManifest.xml:28:13-73
uses-permission#android.permission.READ_EXTERNAL_STORAGE
IMPLIED from src/debug/AndroidManifest.xml:1:1-7:12 reason: com.huawei.hms.base.availableupdate requested WRITE_EXTERNAL_STORAGE
provider#com.huawei.agconnect.core.provider.AGConnectInitializeProvider
ADDED from [com.huawei.agconnect:agconnect-core:1.4.2.301] AndroidManifest.xml:11:9-14:40
	android:authorities
		ADDED from [com.huawei.agconnect:agconnect-core:1.4.2.301] AndroidManifest.xml:13:13-73
	android:exported
		ADDED from [com.huawei.agconnect:agconnect-core:1.4.2.301] AndroidManifest.xml:14:13-37
	android:name
		ADDED from [com.huawei.agconnect:agconnect-core:1.4.2.301] AndroidManifest.xml:12:13-90
activity#com.huawei.hms.activity.BridgeActivity
ADDED from [com.huawei.hms:ui:5.0.4.301] AndroidManifest.xml:10:9-21:20
	android:screenOrientation
		ADDED from [com.huawei.hms:ui:5.0.4.301] AndroidManifest.xml:16:13-47
	android:excludeFromRecents
		ADDED from [com.huawei.hms:ui:5.0.4.301] AndroidManifest.xml:13:13-46
	android:hardwareAccelerated
		ADDED from [com.huawei.hms:ui:5.0.4.301] AndroidManifest.xml:15:13-47
	android:exported
		ADDED from [com.huawei.hms:ui:5.0.4.301] AndroidManifest.xml:14:13-37
	android:configChanges
		ADDED from [com.huawei.hms:ui:5.0.4.301] AndroidManifest.xml:12:13-131
	android:theme
		ADDED from [com.huawei.hms:ui:5.0.4.301] AndroidManifest.xml:17:13-61
	android:name
		ADDED from [com.huawei.hms:ui:5.0.4.301] AndroidManifest.xml:11:13-66
meta-data#hwc-theme
ADDED from [com.huawei.hms:ui:5.0.4.301] AndroidManifest.xml:18:13-20:77
	android:value
		ADDED from [com.huawei.hms:ui:5.0.4.301] AndroidManifest.xml:20:17-74
	android:name
		ADDED from [com.huawei.hms:ui:5.0.4.301] AndroidManifest.xml:19:17-41
activity#com.huawei.hms.activity.EnableServiceActivity
ADDED from [com.huawei.hms:ui:5.0.4.301] AndroidManifest.xml:22:9-26:20
	android:exported
		ADDED from [com.huawei.hms:ui:5.0.4.301] AndroidManifest.xml:25:13-37
	android:configChanges
		ADDED from [com.huawei.hms:ui:5.0.4.301] AndroidManifest.xml:24:13-106
	android:name
		ADDED from [com.huawei.hms:ui:5.0.4.301] AndroidManifest.xml:23:13-73